Using pre-set license
Built from 'trunk' branch; Version is '6000.0.22f1 (001fa5a8e29a) revision 8101'; Using compiler version '193933523'; Build Type 'Release'
OS: 'Windows 10  (10.0.19045) 64bit Core' Language: 'pl' Physical Memory: 16219 MB
BatchMode: 1, IsHumanControllingUs: 0, StartBugReporterOnCrash: 0, Is64bit: 1, IsPro: 1

COMMAND LINE ARGUMENTS:
C:\Program Files\Unity\Hub\Editor\6000.0.22f1\Editor\Unity.exe
-adb2
-batchMode
-noUpm
-name
AssetImportWorker0
-projectPath
C:/Users/kacpe/Desktop/whyumadUnity/Why U MAd
-logFile
Logs/AssetImportWorker0.log
-srvPort
50798
-job-worker-count
3
-background-job-worker-count
8
-asset-garbage-collectors
1
Successfully changed project path to: C:/Users/kacpe/Desktop/whyumadUnity/Why U MAd
C:/Users/kacpe/Desktop/whyumadUnity/Why U MAd
[UnityMemory] Configuration Parameters - Can be set up in boot.config
    "memorysetup-bucket-allocator-granularity=16"
    "memorysetup-bucket-allocator-bucket-count=8"
    "memorysetup-bucket-allocator-block-size=33554432"
    "memorysetup-bucket-allocator-block-count=8"
    "memorysetup-main-allocator-block-size=16777216"
    "memorysetup-thread-allocator-block-size=16777216"
    "memorysetup-gfx-main-allocator-block-size=16777216"
    "memorysetup-gfx-thread-allocator-block-size=16777216"
    "memorysetup-cache-allocator-block-size=4194304"
    "memorysetup-typetree-allocator-block-size=2097152"
    "memorysetup-profiler-bucket-allocator-granularity=16"
    "memorysetup-profiler-bucket-allocator-bucket-count=8"
    "memorysetup-profiler-bucket-allocator-block-size=33554432"
    "memorysetup-profiler-bucket-allocator-block-count=8"
    "memorysetup-profiler-allocator-block-size=16777216"
    "memorysetup-profiler-editor-allocator-block-size=1048576"
    "memorysetup-temp-allocator-size-main=16777216"
    "memorysetup-job-temp-allocator-block-size=2097152"
    "memorysetup-job-temp-allocator-block-size-background=1048576"
    "memorysetup-job-temp-allocator-reduction-small-platforms=262144"
    "memorysetup-allocator-temp-initial-block-size-main=262144"
    "memorysetup-allocator-temp-initial-block-size-worker=262144"
    "memorysetup-temp-allocator-size-background-worker=32768"
    "memorysetup-temp-allocator-size-job-worker=262144"
    "memorysetup-temp-allocator-size-preload-manager=33554432"
    "memorysetup-temp-allocator-size-nav-mesh-worker=65536"
    "memorysetup-temp-allocator-size-audio-worker=65536"
    "memorysetup-temp-allocator-size-cloud-worker=32768"
    "memorysetup-temp-allocator-size-gi-baking-worker=262144"
    "memorysetup-temp-allocator-size-gi-baking-worker=262144"
    "memorysetup-temp-allocator-size-gi-baking-worker=262144"
    "memorysetup-temp-allocator-size-gi-baking-worker=262144"
    "memorysetup-temp-allocator-size-gi-baking-worker=262144"
    "memorysetup-temp-allocator-size-gfx=262144"
Player connection [1012]  Target information:

Player connection [1012]  * "[IP] 192.168.56.1 [Port] 0 [Flags] 2 [Guid] 3423828316 [EditorId] 3423828316 [Version] 1048832 [Id] WindowsEditor(7,DESKTOP-9IKQ49R) [Debug] 1 [PackageName] WindowsEditor [ProjectName] Editor" 

Player connection [1012]  * "[IP] 192.168.1.32 [Port] 0 [Flags] 2 [Guid] 3423828316 [EditorId] 3423828316 [Version] 1048832 [Id] WindowsEditor(7,DESKTOP-9IKQ49R) [Debug] 1 [PackageName] WindowsEditor [ProjectName] Editor" 

Player connection [1012] Host joined multi-casting on [225.0.0.222:54997]...
Player connection [1012] Host joined alternative multi-casting on [225.0.0.222:34997]...
JobSystem: Creating JobQueue using job-worker-count value 3
[Physics::Module] Initialized fallback backend.
[Physics::Module] Id: 0xdecafbad
Library Redirect Path: Library/
[Physics::Module] Selected backend.
[Physics::Module] Name: PhysX
[Physics::Module] Id: 0xf2b8ea05
[Physics::Module] SDK Version: 4.1.2
[Physics::Module] Integration Version: 1.0.0
[Physics::Module] Threading Mode: Multi-Threaded
Refreshing native plugins compatible for Editor in 4.12 ms, found 4 plugins.
Preloading 0 native plugins for Editor in 0.00 ms.
Initialize engine version: 6000.0.22f1 (001fa5a8e29a)
[Subsystems] Discovering subsystems at path C:/Program Files/Unity/Hub/Editor/6000.0.22f1/Editor/Data/Resources/UnitySubsystems
[Subsystems] Discovering subsystems at path C:/Users/kacpe/Desktop/whyumadUnity/Why U MAd/Assets
GfxDevice: creating device client; kGfxThreadingModeNonThreaded
Direct3D:
    Version:  Direct3D 11.0 [level 11.1]
    Renderer: NVIDIA GeForce GTX 1660 Ti (ID=0x2191)
    Vendor:   NVIDIA
    VRAM:     5966 MB
    Driver:   32.0.15.6603
Initialize mono
Mono path[0] = 'C:/Program Files/Unity/Hub/Editor/6000.0.22f1/Editor/Data/Managed'
Mono path[1] = 'C:/Program Files/Unity/Hub/Editor/6000.0.22f1/Editor/Data/MonoBleedingEdge/lib/mono/unityjit-win32'
Mono config path = 'C:/Program Files/Unity/Hub/Editor/6000.0.22f1/Editor/Data/MonoBleedingEdge/etc'
Using monoOptions --debugger-agent=transport=dt_socket,embedding=1,server=y,suspend=n,address=127.0.0.1:56920
Begin MonoManager ReloadAssembly
Registering precompiled unity dll's ...
Register platform support module: C:/Program Files/Unity/Hub/Editor/6000.0.22f1/Editor/Data/PlaybackEngines/WindowsStandaloneSupport/UnityEditor.WindowsStandalone.Extensions.dll
Register platform support module: C:/Program Files/Unity/Hub/Editor/6000.0.22f1/Editor/Data/PlaybackEngines/AndroidPlayer/UnityEditor.Android.Extensions.dll
Registered in 0.005990 seconds.
- Loaded All Assemblies, in  0.677 seconds
Native extension for Android target not found
Android Extension - Scanning For ADB Devices 428 ms
Native extension for WindowsStandalone target not found
Mono: successfully reloaded assembly
- Finished resetting the current domain, in  1.133 seconds
Domain Reload Profiling: 1806ms
	BeginReloadAssembly (185ms)
		ExecutionOrderSort (0ms)
		DisableScriptedObjects (0ms)
		BackupInstance (0ms)
		ReleaseScriptingObjects (0ms)
		CreateAndSetChildDomain (1ms)
	RebuildCommonClasses (54ms)
	RebuildNativeTypeToScriptingClass (18ms)
	initialDomainReloadingComplete (72ms)
	LoadAllAssembliesAndSetupDomain (343ms)
		LoadAssemblies (181ms)
		RebuildTransferFunctionScriptingTraits (0ms)
		AnalyzeDomain (339ms)
			TypeCache.Refresh (336ms)
				TypeCache.ScanAssembly (309ms)
			BuildScriptInfoCaches (0ms)
			ResolveRequiredComponents (1ms)
	FinalizeReload (1133ms)
		ReleaseScriptCaches (0ms)
		RebuildScriptCaches (0ms)
		SetupLoadedEditorAssemblies (1035ms)
			LogAssemblyErrors (0ms)
			InitializePlatformSupportModulesInManaged (622ms)
			SetLoadedEditorAssemblies (4ms)
			BeforeProcessingInitializeOnLoad (9ms)
			ProcessInitializeOnLoadAttributes (258ms)
			ProcessInitializeOnLoadMethodAttributes (128ms)
			AfterProcessingInitializeOnLoad (13ms)
			EditorAssembliesLoaded (0ms)
		ExecutionOrderSort2 (0ms)
		AwakeInstancesAfterBackupRestoration (0ms)
========================================================================
Worker process is ready to serve import requests
Import Worker Mode flag is 0x00
Begin MonoManager ReloadAssembly
- Loaded All Assemblies, in  1.572 seconds
Refreshing native plugins compatible for Editor in 2.44 ms, found 4 plugins.
Native extension for Android target not found
Native extension for WindowsStandalone target not found
Mono: successfully reloaded assembly
- Finished resetting the current domain, in  1.499 seconds
Domain Reload Profiling: 3061ms
	BeginReloadAssembly (590ms)
		ExecutionOrderSort (0ms)
		DisableScriptedObjects (8ms)
		BackupInstance (0ms)
		ReleaseScriptingObjects (0ms)
		CreateAndSetChildDomain (41ms)
	RebuildCommonClasses (43ms)
	RebuildNativeTypeToScriptingClass (14ms)
	initialDomainReloadingComplete (66ms)
	LoadAllAssembliesAndSetupDomain (848ms)
		LoadAssemblies (563ms)
		RebuildTransferFunctionScriptingTraits (0ms)
		AnalyzeDomain (430ms)
			TypeCache.Refresh (300ms)
				TypeCache.ScanAssembly (271ms)
			BuildScriptInfoCaches (112ms)
			ResolveRequiredComponents (15ms)
	FinalizeReload (1500ms)
		ReleaseScriptCaches (0ms)
		RebuildScriptCaches (0ms)
		SetupLoadedEditorAssemblies (1109ms)
			LogAssemblyErrors (0ms)
			InitializePlatformSupportModulesInManaged (16ms)
			SetLoadedEditorAssemblies (7ms)
			BeforeProcessingInitializeOnLoad (131ms)
			ProcessInitializeOnLoadAttributes (773ms)
			ProcessInitializeOnLoadMethodAttributes (169ms)
			AfterProcessingInitializeOnLoad (13ms)
			EditorAssembliesLoaded (0ms)
		ExecutionOrderSort2 (0ms)
		AwakeInstancesAfterBackupRestoration (8ms)
Launched and connected shader compiler UnityShaderCompiler.exe after 0.02 seconds
Refreshing native plugins compatible for Editor in 3.63 ms, found 4 plugins.
Preloading 0 native plugins for Editor in 0.00 ms.
Unloading 206 Unused Serialized files (Serialized files now loaded: 0)
Unloading 6511 unused Assets / (4.6 MB). Loaded Objects now: 7291.
Memory consumption went from 195.5 MB to 190.9 MB.
Total: 12.817300 ms (FindLiveObjects: 0.894600 ms CreateObjectMapping: 1.517500 ms MarkObjects: 6.357200 ms  DeleteObjects: 4.046400 ms)

========================================================================
Received Import Request.
  Time since last request: 3643.918310 seconds.
  path: Assets/Sprites/Point.png
  artifactKey: Guid(a0d0de53b69d5054a8fb9270218c5ee3) Importer(815301076,1909f56bfc062723c751e8b465ee728b)
Start importing Assets/Sprites/Point.png using Guid(a0d0de53b69d5054a8fb9270218c5ee3) Importer(815301076,1909f56bfc062723c751e8b465ee728b) (PreviewImporter) -> (artifact id: 'cfb55489a3d0e66106ef9187f87224ef') in 0.1058368 seconds
Number of updated asset objects reloaded before import = 0Number of asset objects unloaded after import = 3

========================================================================
Received Import Request.
  Time since last request: 0.000058 seconds.
  path: Assets/Sprites/GreenTile.png
  artifactKey: Guid(0dd2d9920c54d91478fd973fd22ea970) Importer(815301076,1909f56bfc062723c751e8b465ee728b)
Start importing Assets/Sprites/GreenTile.png using Guid(0dd2d9920c54d91478fd973fd22ea970) Importer(815301076,1909f56bfc062723c751e8b465ee728b) (PreviewImporter) -> (artifact id: 'd1a21483d993e6e71901a42919e49f83') in 0.0231731 seconds
Number of updated asset objects reloaded before import = 0Number of asset objects unloaded after import = 3

========================================================================
Received Import Request.
  Time since last request: 0.000025 seconds.
  path: Assets/Sprites/Object.png
  artifactKey: Guid(24f36508b2bcd654ca58af4a1df4ba6a) Importer(815301076,1909f56bfc062723c751e8b465ee728b)
Start importing Assets/Sprites/Object.png using Guid(24f36508b2bcd654ca58af4a1df4ba6a) Importer(815301076,1909f56bfc062723c751e8b465ee728b) (PreviewImporter) -> (artifact id: '270b157714500549abd9fbb0c3306140') in 0.0193873 seconds
Number of updated asset objects reloaded before import = 0Number of asset objects unloaded after import = 3

========================================================================
Received Import Request.
  Time since last request: 42.796624 seconds.
  path: Assets/Sprites/Map Palette.prefab
  artifactKey: Guid(300af36aefa06a241ba647287d984ce3) Importer(815301076,1909f56bfc062723c751e8b465ee728b)
Start importing Assets/Sprites/Map Palette.prefab using Guid(300af36aefa06a241ba647287d984ce3) Importer(815301076,1909f56bfc062723c751e8b465ee728b) (PreviewImporter) -> (artifact id: 'c351f9d5275595b378dcd013d3be36b8') in 0.5312974 seconds
Number of updated asset objects reloaded before import = 0Number of asset objects unloaded after import = 10

========================================================================
Received Import Request.
  Time since last request: 8.582243 seconds.
  path: Assets/Sprites/BlueTile_0.asset
  artifactKey: Guid(b5e48a26f400ebe41ac282789725bebe) Importer(815301076,1909f56bfc062723c751e8b465ee728b)
Start importing Assets/Sprites/BlueTile_0.asset using Guid(b5e48a26f400ebe41ac282789725bebe) Importer(815301076,1909f56bfc062723c751e8b465ee728b) (PreviewImporter) -> (artifact id: '32ca2524b0fe0860815840fd2960c96b') in 0.0217695 seconds
Number of updated asset objects reloaded before import = 0Number of asset objects unloaded after import = 3

========================================================================
Received Import Request.
  Time since last request: 5.559306 seconds.
  path: Assets/Sprites/GreenTile_0.asset
  artifactKey: Guid(671f8875832d00142be7e6752ee561b5) Importer(815301076,1909f56bfc062723c751e8b465ee728b)
Start importing Assets/Sprites/GreenTile_0.asset using Guid(671f8875832d00142be7e6752ee561b5) Importer(815301076,1909f56bfc062723c751e8b465ee728b) (PreviewImporter) -> (artifact id: '497e0f08c68eacc5a212a217d2a55d27') in 0.0146083 seconds
Number of updated asset objects reloaded before import = 0Number of asset objects unloaded after import = 3

========================================================================
Received Import Request.
  Time since last request: 5.588353 seconds.
  path: Assets/Sprites/GreyTile_0.asset
  artifactKey: Guid(22e1633fadc4c824eb66d40e4c5fbbe5) Importer(815301076,1909f56bfc062723c751e8b465ee728b)
Start importing Assets/Sprites/GreyTile_0.asset using Guid(22e1633fadc4c824eb66d40e4c5fbbe5) Importer(815301076,1909f56bfc062723c751e8b465ee728b) (PreviewImporter) -> (artifact id: '88a721173f81c48db394cda05804db0d') in 0.0147654 seconds
Number of updated asset objects reloaded before import = 0Number of asset objects unloaded after import = 3

========================================================================
Received Import Request.
  Time since last request: 122.285706 seconds.
  path: Assets/Sprites/GreenTile.png
  artifactKey: Guid(0dd2d9920c54d91478fd973fd22ea970) Importer(815301076,1909f56bfc062723c751e8b465ee728b)
Start importing Assets/Sprites/GreenTile.png using Guid(0dd2d9920c54d91478fd973fd22ea970) Importer(815301076,1909f56bfc062723c751e8b465ee728b) (PreviewImporter) -> (artifact id: '55e9c87aa2e98d804ba06db48bcc1b70') in 0.0114534 seconds
Number of updated asset objects reloaded before import = 0Number of asset objects unloaded after import = 3

========================================================================
Received Import Request.
  Time since last request: 0.000036 seconds.
  path: Assets/Sprites/GreenTile_0.asset
  artifactKey: Guid(671f8875832d00142be7e6752ee561b5) Importer(815301076,1909f56bfc062723c751e8b465ee728b)
Start importing Assets/Sprites/GreenTile_0.asset using Guid(671f8875832d00142be7e6752ee561b5) Importer(815301076,1909f56bfc062723c751e8b465ee728b) (PreviewImporter) -> (artifact id: '6b74f4d281ad2b53c0c83c1e3a695e6b') in 0.0082362 seconds
Number of updated asset objects reloaded before import = 0Number of asset objects unloaded after import = 3

========================================================================
Received Import Request.
  Time since last request: 7.077633 seconds.
  path: Assets/Sprites/BlueTile.png
  artifactKey: Guid(06c90b73ab0b0bc49b2f9f4c145051d5) Importer(815301076,1909f56bfc062723c751e8b465ee728b)
Start importing Assets/Sprites/BlueTile.png using Guid(06c90b73ab0b0bc49b2f9f4c145051d5) Importer(815301076,1909f56bfc062723c751e8b465ee728b) (PreviewImporter) -> (artifact id: 'c70499b6b487922ab57899517354f37d') in 0.0101979 seconds
Number of updated asset objects reloaded before import = 0Number of asset objects unloaded after import = 3

========================================================================
Received Import Request.
  Time since last request: 0.000022 seconds.
  path: Assets/Sprites/BlueTile_0.asset
  artifactKey: Guid(b5e48a26f400ebe41ac282789725bebe) Importer(815301076,1909f56bfc062723c751e8b465ee728b)
Start importing Assets/Sprites/BlueTile_0.asset using Guid(b5e48a26f400ebe41ac282789725bebe) Importer(815301076,1909f56bfc062723c751e8b465ee728b) (PreviewImporter) -> (artifact id: '0884e92a9353621a8c1d6aa17f318bd4') in 0.0085519 seconds
Number of updated asset objects reloaded before import = 0Number of asset objects unloaded after import = 3

========================================================================
Received Import Request.
  Time since last request: 4.410236 seconds.
  path: Assets/Sprites/GreyTile.png
  artifactKey: Guid(5edc0606519b3e5409614347bcb60e1b) Importer(815301076,1909f56bfc062723c751e8b465ee728b)
Start importing Assets/Sprites/GreyTile.png using Guid(5edc0606519b3e5409614347bcb60e1b) Importer(815301076,1909f56bfc062723c751e8b465ee728b) (PreviewImporter) -> (artifact id: 'a9b415ee317c34692be375fff6dd5919') in 0.0094688 seconds
Number of updated asset objects reloaded before import = 0Number of asset objects unloaded after import = 3

========================================================================
Received Import Request.
  Time since last request: 0.000028 seconds.
  path: Assets/Sprites/GreyTile_0.asset
  artifactKey: Guid(22e1633fadc4c824eb66d40e4c5fbbe5) Importer(815301076,1909f56bfc062723c751e8b465ee728b)
Start importing Assets/Sprites/GreyTile_0.asset using Guid(22e1633fadc4c824eb66d40e4c5fbbe5) Importer(815301076,1909f56bfc062723c751e8b465ee728b) (PreviewImporter) -> (artifact id: 'cf4b30a2e83fd61fd57f02ae322af415') in 0.0135414 seconds
Number of updated asset objects reloaded before import = 0Number of asset objects unloaded after import = 3

========================================================================
Received Import Request.
  Time since last request: 296.660571 seconds.
  path: Assets/Sprites/Materials
  artifactKey: Guid(7da3b414adb15fd41ba3b3a975d8c1ee) Importer(815301076,1909f56bfc062723c751e8b465ee728b)
Start importing Assets/Sprites/Materials using Guid(7da3b414adb15fd41ba3b3a975d8c1ee) Importer(815301076,1909f56bfc062723c751e8b465ee728b) (PreviewImporter) -> (artifact id: '10bf9813ac2eba0992bdf2a589ab6dc8') in 0.0013754 seconds
Number of updated asset objects reloaded before import = 0Number of asset objects unloaded after import = 0

========================================================================
Received Import Request.
  Time since last request: 0.017871 seconds.
  path: Assets/Sprites/Materials/Player.mat
  artifactKey: Guid(46aee5356f5a3e24685171b7db3264c6) Importer(815301076,1909f56bfc062723c751e8b465ee728b)
Start importing Assets/Sprites/Materials/Player.mat using Guid(46aee5356f5a3e24685171b7db3264c6) Importer(815301076,1909f56bfc062723c751e8b465ee728b) (PreviewImporter) -> (artifact id: '858513162227b1fe5917a57b08391152') in 0.0425434 seconds
Number of updated asset objects reloaded before import = 0Number of asset objects unloaded after import = 2

========================================================================
Received Import Request.
  Time since last request: 66.709988 seconds.
  path: ProjectSettings/TagManager.asset
  artifactKey: Guid(00000000000000003000000000000000) Importer(815301076,1909f56bfc062723c751e8b465ee728b)
Start importing ProjectSettings/TagManager.asset using Guid(00000000000000003000000000000000) Importer(815301076,1909f56bfc062723c751e8b465ee728b) (PreviewImporter) -> (artifact id: '77f9dd6f28fd7527787506f1412fa193') in 0.0014529 seconds
Number of updated asset objects reloaded before import = 0Number of asset objects unloaded after import = 0

========================================================================
Received Import Request.
  Time since last request: 163.948112 seconds.
  path: Assets/Sprites/Object.png
  artifactKey: Guid(24f36508b2bcd654ca58af4a1df4ba6a) Importer(815301076,1909f56bfc062723c751e8b465ee728b)
Start importing Assets/Sprites/Object.png using Guid(24f36508b2bcd654ca58af4a1df4ba6a) Importer(815301076,1909f56bfc062723c751e8b465ee728b) (PreviewImporter) -> (artifact id: '84c32a4fabdb50cf11fd695b3658ca92') in 0.0156895 seconds
Number of updated asset objects reloaded before import = 0Number of asset objects unloaded after import = 3

========================================================================
Received Import Request.
  Time since last request: 8.989740 seconds.
  path: Assets/Sprites/Player.png
  artifactKey: Guid(12e432f86788cca42a076eb159432c4b) Importer(815301076,1909f56bfc062723c751e8b465ee728b)
Start importing Assets/Sprites/Player.png using Guid(12e432f86788cca42a076eb159432c4b) Importer(815301076,1909f56bfc062723c751e8b465ee728b) (PreviewImporter) -> (artifact id: '9a0f6ad5ecc0665a6f7aab88b5a836f1') in 0.0153718 seconds
Number of updated asset objects reloaded before import = 0Number of asset objects unloaded after import = 3

========================================================================
Received Import Request.
  Time since last request: 8.016338 seconds.
  path: Assets/Sprites/Point.png
  artifactKey: Guid(a0d0de53b69d5054a8fb9270218c5ee3) Importer(815301076,1909f56bfc062723c751e8b465ee728b)
Start importing Assets/Sprites/Point.png using Guid(a0d0de53b69d5054a8fb9270218c5ee3) Importer(815301076,1909f56bfc062723c751e8b465ee728b) (PreviewImporter) -> (artifact id: 'e830af956ba8d1c217f8851b38d6db5e') in 0.0154649 seconds
Number of updated asset objects reloaded before import = 0Number of asset objects unloaded after import = 3

========================================================================
Received Import Request.
  Time since last request: 233.848301 seconds.
  path: Assets/Sprites/Down.png
  artifactKey: Guid(d1e72e3ecd6bd8540b60438865da3c61) Importer(815301076,1909f56bfc062723c751e8b465ee728b)
Start importing Assets/Sprites/Down.png using Guid(d1e72e3ecd6bd8540b60438865da3c61) Importer(815301076,1909f56bfc062723c751e8b465ee728b) (PreviewImporter) -> (artifact id: '591839a8720b72d86652da4f2b7cdff9') in 0.0268739 seconds
Number of updated asset objects reloaded before import = 0Number of asset objects unloaded after import = 3

========================================================================
Received Import Request.
  Time since last request: 0.000043 seconds.
  path: Assets/Sprites/Up.png
  artifactKey: Guid(cac9b748fb63d57488835a3ecec5c066) Importer(815301076,1909f56bfc062723c751e8b465ee728b)
Start importing Assets/Sprites/Up.png using Guid(cac9b748fb63d57488835a3ecec5c066) Importer(815301076,1909f56bfc062723c751e8b465ee728b) (PreviewImporter) -> (artifact id: '0a055aa96aa7fdc39044fb86e793a3dd') in 0.0276247 seconds
Number of updated asset objects reloaded before import = 0Number of asset objects unloaded after import = 3

========================================================================
Received Import Request.
  Time since last request: 11.239366 seconds.
  path: Assets/Sprites/Down_0.asset
  artifactKey: Guid(6bf80e002fcc53844a861acf341daf5e) Importer(815301076,1909f56bfc062723c751e8b465ee728b)
Start importing Assets/Sprites/Down_0.asset using Guid(6bf80e002fcc53844a861acf341daf5e) Importer(815301076,1909f56bfc062723c751e8b465ee728b) (PreviewImporter) -> (artifact id: 'c5a6b8d6d34285a9d250c2dd429ee399') in 0.0144816 seconds
Number of updated asset objects reloaded before import = 0Number of asset objects unloaded after import = 3

========================================================================
Received Import Request.
  Time since last request: 2.872108 seconds.
  path: Assets/Sprites/Left_0.asset
  artifactKey: Guid(6e1228b7e077aae4497c180c221e940a) Importer(815301076,1909f56bfc062723c751e8b465ee728b)
Start importing Assets/Sprites/Left_0.asset using Guid(6e1228b7e077aae4497c180c221e940a) Importer(815301076,1909f56bfc062723c751e8b465ee728b) (PreviewImporter) -> (artifact id: '383c7d5a157cba8733f2ccdebeb00017') in 0.0163823 seconds
Number of updated asset objects reloaded before import = 0Number of asset objects unloaded after import = 3

========================================================================
Received Import Request.
  Time since last request: 4.040295 seconds.
  path: Assets/Sprites/Map Palette.prefab
  artifactKey: Guid(300af36aefa06a241ba647287d984ce3) Importer(815301076,1909f56bfc062723c751e8b465ee728b)
Start importing Assets/Sprites/Map Palette.prefab using Guid(300af36aefa06a241ba647287d984ce3) Importer(815301076,1909f56bfc062723c751e8b465ee728b) (PreviewImporter) -> (artifact id: 'a3e54ced42ba8422cdc41335265ced87') in 0.020894 seconds
Number of updated asset objects reloaded before import = 0Number of asset objects unloaded after import = 28

========================================================================
Received Import Request.
  Time since last request: 3.311451 seconds.
  path: Assets/Sprites/Map Palette.prefab
  artifactKey: Guid(300af36aefa06a241ba647287d984ce3) Importer(815301076,1909f56bfc062723c751e8b465ee728b)
Start importing Assets/Sprites/Map Palette.prefab using Guid(300af36aefa06a241ba647287d984ce3) Importer(815301076,1909f56bfc062723c751e8b465ee728b) (PreviewImporter) -> (artifact id: 'e3271df27603f5d2563c48cebca8543f') in 0.0225699 seconds
Number of updated asset objects reloaded before import = 0Number of asset objects unloaded after import = 31

========================================================================
Received Import Request.
  Time since last request: 27.346289 seconds.
  path: Assets/Sprites/Left_0.asset
  artifactKey: Guid(6e1228b7e077aae4497c180c221e940a) Importer(815301076,1909f56bfc062723c751e8b465ee728b)
Start importing Assets/Sprites/Left_0.asset using Guid(6e1228b7e077aae4497c180c221e940a) Importer(815301076,1909f56bfc062723c751e8b465ee728b) (PreviewImporter) -> (artifact id: 'cdb5edbf018ad953436a63c036a364f3') in 0.0043629 seconds
Number of updated asset objects reloaded before import = 0Number of asset objects unloaded after import = 1

========================================================================
Received Import Request.
  Time since last request: 2.635074 seconds.
  path: Assets/Sprites/Map Palette.prefab
  artifactKey: Guid(300af36aefa06a241ba647287d984ce3) Importer(815301076,1909f56bfc062723c751e8b465ee728b)
Start importing Assets/Sprites/Map Palette.prefab using Guid(300af36aefa06a241ba647287d984ce3) Importer(815301076,1909f56bfc062723c751e8b465ee728b) (PreviewImporter) -> (artifact id: '24bc1dd5a4aae504a6a13bd86a2399eb') in 0.0209312 seconds
Number of updated asset objects reloaded before import = 0Number of asset objects unloaded after import = 27

========================================================================
Received Import Request.
  Time since last request: 2.113018 seconds.
  path: Assets/Sprites/Map Palette.prefab
  artifactKey: Guid(300af36aefa06a241ba647287d984ce3) Importer(815301076,1909f56bfc062723c751e8b465ee728b)
Start importing Assets/Sprites/Map Palette.prefab using Guid(300af36aefa06a241ba647287d984ce3) Importer(815301076,1909f56bfc062723c751e8b465ee728b) (PreviewImporter) -> (artifact id: '0c0401f39f75c06adb74b8b335e7720a') in 0.0194346 seconds
Number of updated asset objects reloaded before import = 0Number of asset objects unloaded after import = 25

========================================================================
Received Import Request.
  Time since last request: 2.296440 seconds.
  path: Assets/Sprites/Down_0.asset
  artifactKey: Guid(6bf80e002fcc53844a861acf341daf5e) Importer(815301076,1909f56bfc062723c751e8b465ee728b)
Start importing Assets/Sprites/Down_0.asset using Guid(6bf80e002fcc53844a861acf341daf5e) Importer(815301076,1909f56bfc062723c751e8b465ee728b) (PreviewImporter) -> (artifact id: '7a8b73d9845adf9092b9b019c5cc37f8') in 0.0041067 seconds
Number of updated asset objects reloaded before import = 0Number of asset objects unloaded after import = 1

========================================================================
Received Import Request.
  Time since last request: 1.662908 seconds.
  path: Assets/Sprites/Map Palette.prefab
  artifactKey: Guid(300af36aefa06a241ba647287d984ce3) Importer(815301076,1909f56bfc062723c751e8b465ee728b)
Start importing Assets/Sprites/Map Palette.prefab using Guid(300af36aefa06a241ba647287d984ce3) Importer(815301076,1909f56bfc062723c751e8b465ee728b) (PreviewImporter) -> (artifact id: 'ae984eeba8dd174440dfe69e6c937dfe') in 0.0193833 seconds
Number of updated asset objects reloaded before import = 0Number of asset objects unloaded after import = 22

========================================================================
Received Import Request.
  Time since last request: 1.321801 seconds.
  path: Assets/Sprites/Map Palette.prefab
  artifactKey: Guid(300af36aefa06a241ba647287d984ce3) Importer(815301076,1909f56bfc062723c751e8b465ee728b)
Start importing Assets/Sprites/Map Palette.prefab using Guid(300af36aefa06a241ba647287d984ce3) Importer(815301076,1909f56bfc062723c751e8b465ee728b) (PreviewImporter) -> (artifact id: '3953634043e94512702f274e5cd353c0') in 0.0181634 seconds
Number of updated asset objects reloaded before import = 0Number of asset objects unloaded after import = 21

========================================================================
Received Import Request.
  Time since last request: 2.024263 seconds.
  path: Assets/Sprites/Map Palette.prefab
  artifactKey: Guid(300af36aefa06a241ba647287d984ce3) Importer(815301076,1909f56bfc062723c751e8b465ee728b)
Start importing Assets/Sprites/Map Palette.prefab using Guid(300af36aefa06a241ba647287d984ce3) Importer(815301076,1909f56bfc062723c751e8b465ee728b) (PreviewImporter) -> (artifact id: '0730a738ff72933ff3aada4de8edf023') in 0.016169 seconds
Number of updated asset objects reloaded before import = 0Number of asset objects unloaded after import = 20

========================================================================
Received Import Request.
  Time since last request: 2.098754 seconds.
  path: Assets/Sprites/Map Palette.prefab
  artifactKey: Guid(300af36aefa06a241ba647287d984ce3) Importer(815301076,1909f56bfc062723c751e8b465ee728b)
Start importing Assets/Sprites/Map Palette.prefab using Guid(300af36aefa06a241ba647287d984ce3) Importer(815301076,1909f56bfc062723c751e8b465ee728b) (PreviewImporter) -> (artifact id: '8a4bc05990eee05465539aacfa0b93b7') in 0.0161453 seconds
Number of updated asset objects reloaded before import = 0Number of asset objects unloaded after import = 19

========================================================================
Received Import Request.
  Time since last request: 163.789366 seconds.
  path: Assets/Sprites/BlueTile.png
  artifactKey: Guid(06c90b73ab0b0bc49b2f9f4c145051d5) Importer(815301076,1909f56bfc062723c751e8b465ee728b)
Start importing Assets/Sprites/BlueTile.png using Guid(06c90b73ab0b0bc49b2f9f4c145051d5) Importer(815301076,1909f56bfc062723c751e8b465ee728b) (PreviewImporter) -> (artifact id: 'cce8d390a69ad1e19980505359211758') in 0.0112189 seconds
Number of updated asset objects reloaded before import = 0Number of asset objects unloaded after import = 3

========================================================================
Received Import Request.
  Time since last request: 0.000071 seconds.
  path: Assets/Sprites/Map Palette.prefab
  artifactKey: Guid(300af36aefa06a241ba647287d984ce3) Importer(815301076,1909f56bfc062723c751e8b465ee728b)
Start importing Assets/Sprites/Map Palette.prefab using Guid(300af36aefa06a241ba647287d984ce3) Importer(815301076,1909f56bfc062723c751e8b465ee728b) (PreviewImporter) -> (artifact id: 'd764b7d244ad928cc122f111f6a6e971') in 0.0169106 seconds
Number of updated asset objects reloaded before import = 0Number of asset objects unloaded after import = 19

========================================================================
Received Import Request.
  Time since last request: 4.944436 seconds.
  path: Assets/Sprites/BlueTile.png
  artifactKey: Guid(06c90b73ab0b0bc49b2f9f4c145051d5) Importer(815301076,1909f56bfc062723c751e8b465ee728b)
Start importing Assets/Sprites/BlueTile.png using Guid(06c90b73ab0b0bc49b2f9f4c145051d5) Importer(815301076,1909f56bfc062723c751e8b465ee728b) (PreviewImporter) -> (artifact id: '7c5acea47a106cae2cceea75717114b9') in 0.0114122 seconds
Number of updated asset objects reloaded before import = 0Number of asset objects unloaded after import = 3

========================================================================
Received Import Request.
  Time since last request: 0.000024 seconds.
  path: Assets/Sprites/Map Palette.prefab
  artifactKey: Guid(300af36aefa06a241ba647287d984ce3) Importer(815301076,1909f56bfc062723c751e8b465ee728b)
Start importing Assets/Sprites/Map Palette.prefab using Guid(300af36aefa06a241ba647287d984ce3) Importer(815301076,1909f56bfc062723c751e8b465ee728b) (PreviewImporter) -> (artifact id: '9b4f6b2a3bb8f30e7e4fe52eee43026b') in 0.0191369 seconds
Number of updated asset objects reloaded before import = 0Number of asset objects unloaded after import = 19

========================================================================
Received Import Request.
  Time since last request: 7.446100 seconds.
  path: Assets/Sprites/BlueTile.png
  artifactKey: Guid(06c90b73ab0b0bc49b2f9f4c145051d5) Importer(815301076,1909f56bfc062723c751e8b465ee728b)
Start importing Assets/Sprites/BlueTile.png using Guid(06c90b73ab0b0bc49b2f9f4c145051d5) Importer(815301076,1909f56bfc062723c751e8b465ee728b) (PreviewImporter) -> (artifact id: 'ae805f33f69654b68c68a7704cc87d6b') in 0.0191621 seconds
Number of updated asset objects reloaded before import = 0Number of asset objects unloaded after import = 3

========================================================================
Received Import Request.
  Time since last request: 2.985602 seconds.
  path: Assets/Sprites/BlueTile.png
  artifactKey: Guid(06c90b73ab0b0bc49b2f9f4c145051d5) Importer(815301076,1909f56bfc062723c751e8b465ee728b)
Start importing Assets/Sprites/BlueTile.png using Guid(06c90b73ab0b0bc49b2f9f4c145051d5) Importer(815301076,1909f56bfc062723c751e8b465ee728b) (PreviewImporter) -> (artifact id: '77e2befd28cb2e47728454f6e2fdc35c') in 0.0186445 seconds
Number of updated asset objects reloaded before import = 0Number of asset objects unloaded after import = 3

========================================================================
Received Import Request.
  Time since last request: 2.164801 seconds.
  path: Assets/Sprites/BlueTile.png
  artifactKey: Guid(06c90b73ab0b0bc49b2f9f4c145051d5) Importer(815301076,1909f56bfc062723c751e8b465ee728b)
Start importing Assets/Sprites/BlueTile.png using Guid(06c90b73ab0b0bc49b2f9f4c145051d5) Importer(815301076,1909f56bfc062723c751e8b465ee728b) (PreviewImporter) -> (artifact id: '2ba9327b1fe4645087beef88d4197066') in 0.0107985 seconds
Number of updated asset objects reloaded before import = 0Number of asset objects unloaded after import = 3

========================================================================
Received Import Request.
  Time since last request: 2.274054 seconds.
  path: Assets/Sprites/BlueTile.png
  artifactKey: Guid(06c90b73ab0b0bc49b2f9f4c145051d5) Importer(815301076,1909f56bfc062723c751e8b465ee728b)
Start importing Assets/Sprites/BlueTile.png using Guid(06c90b73ab0b0bc49b2f9f4c145051d5) Importer(815301076,1909f56bfc062723c751e8b465ee728b) (PreviewImporter) -> (artifact id: '007df3435792172f54053f37bd0f194e') in 0.0105367 seconds
Number of updated asset objects reloaded before import = 0Number of asset objects unloaded after import = 3

========================================================================
Received Import Request.
  Time since last request: 6.089701 seconds.
  path: Assets/Sprites/BlueTile.png
  artifactKey: Guid(06c90b73ab0b0bc49b2f9f4c145051d5) Importer(815301076,1909f56bfc062723c751e8b465ee728b)
Start importing Assets/Sprites/BlueTile.png using Guid(06c90b73ab0b0bc49b2f9f4c145051d5) Importer(815301076,1909f56bfc062723c751e8b465ee728b) (PreviewImporter) -> (artifact id: '6239cdd8fdbe3031885039a3d09779bb') in 0.0105224 seconds
Number of updated asset objects reloaded before import = 0Number of asset objects unloaded after import = 3

========================================================================
Received Import Request.
  Time since last request: 207.211552 seconds.
  path: Assets/Sprites/LightBlueTile.png
  artifactKey: Guid(4a09581b6967728409b19d7c4862eb24) Importer(815301076,1909f56bfc062723c751e8b465ee728b)
Start importing Assets/Sprites/LightBlueTile.png using Guid(4a09581b6967728409b19d7c4862eb24) Importer(815301076,1909f56bfc062723c751e8b465ee728b) (PreviewImporter) -> (artifact id: 'ac9f4912f07b0d378321e7fa22d4d22b') in 0.0179692 seconds
Number of updated asset objects reloaded before import = 0Number of asset objects unloaded after import = 3

========================================================================
Received Import Request.
  Time since last request: 11.308623 seconds.
  path: Assets/Sprites/LightBlueTile_0.asset
  artifactKey: Guid(faf06d7a0833ada468ab25e7eca62f21) Importer(815301076,1909f56bfc062723c751e8b465ee728b)
Start importing Assets/Sprites/LightBlueTile_0.asset using Guid(faf06d7a0833ada468ab25e7eca62f21) Importer(815301076,1909f56bfc062723c751e8b465ee728b) (PreviewImporter) -> (artifact id: '94510ef8dcc1bb4adb8142cb4025ddc4') in 0.0154843 seconds
Number of updated asset objects reloaded before import = 0Number of asset objects unloaded after import = 3

========================================================================
Received Import Request.
  Time since last request: 5.413751 seconds.
  path: Assets/Sprites/LightBlueTile.png
  artifactKey: Guid(4a09581b6967728409b19d7c4862eb24) Importer(815301076,1909f56bfc062723c751e8b465ee728b)
Start importing Assets/Sprites/LightBlueTile.png using Guid(4a09581b6967728409b19d7c4862eb24) Importer(815301076,1909f56bfc062723c751e8b465ee728b) (PreviewImporter) -> (artifact id: 'c73f6fa57f82e9f8a04e8ac9cbbb238b') in 0.0117055 seconds
Number of updated asset objects reloaded before import = 0Number of asset objects unloaded after import = 3

========================================================================
Received Import Request.
  Time since last request: 0.000022 seconds.
  path: Assets/Sprites/LightBlueTile_0.asset
  artifactKey: Guid(faf06d7a0833ada468ab25e7eca62f21) Importer(815301076,1909f56bfc062723c751e8b465ee728b)
Start importing Assets/Sprites/LightBlueTile_0.asset using Guid(faf06d7a0833ada468ab25e7eca62f21) Importer(815301076,1909f56bfc062723c751e8b465ee728b) (PreviewImporter) -> (artifact id: 'a527de9b1707ac54f137d31666ad2b70') in 0.0159695 seconds
Number of updated asset objects reloaded before import = 0Number of asset objects unloaded after import = 3

========================================================================
Received Import Request.
  Time since last request: 56.236432 seconds.
  path: Assets/Sprites/Map Palette.prefab
  artifactKey: Guid(300af36aefa06a241ba647287d984ce3) Importer(815301076,1909f56bfc062723c751e8b465ee728b)
Start importing Assets/Sprites/Map Palette.prefab using Guid(300af36aefa06a241ba647287d984ce3) Importer(815301076,1909f56bfc062723c751e8b465ee728b) (PreviewImporter) -> (artifact id: '36703d5ff7fd2a458a05f93a20783d42') in 0.0245063 seconds
Number of updated asset objects reloaded before import = 0Number of asset objects unloaded after import = 22

========================================================================
Received Import Request.
  Time since last request: 1.778809 seconds.
  path: Assets/Sprites/Map Palette.prefab
  artifactKey: Guid(300af36aefa06a241ba647287d984ce3) Importer(815301076,1909f56bfc062723c751e8b465ee728b)
Start importing Assets/Sprites/Map Palette.prefab using Guid(300af36aefa06a241ba647287d984ce3) Importer(815301076,1909f56bfc062723c751e8b465ee728b) (PreviewImporter) -> (artifact id: 'f6c6eb46e71d6015a57c801bf04ef06e') in 0.0229171 seconds
Number of updated asset objects reloaded before import = 0Number of asset objects unloaded after import = 22

========================================================================
Received Import Request.
  Time since last request: 2.222948 seconds.
  path: Assets/Sprites/Map Palette.prefab
  artifactKey: Guid(300af36aefa06a241ba647287d984ce3) Importer(815301076,1909f56bfc062723c751e8b465ee728b)
Start importing Assets/Sprites/Map Palette.prefab using Guid(300af36aefa06a241ba647287d984ce3) Importer(815301076,1909f56bfc062723c751e8b465ee728b) (PreviewImporter) -> (artifact id: 'e850fa49bfb5550a3cfe85a4fa3b0f84') in 0.0180957 seconds
Number of updated asset objects reloaded before import = 0Number of asset objects unloaded after import = 22

========================================================================
Received Import Request.
  Time since last request: 50.699988 seconds.
  path: Assets/Sprites/LightBlueTile_0.asset
  artifactKey: Guid(faf06d7a0833ada468ab25e7eca62f21) Importer(815301076,1909f56bfc062723c751e8b465ee728b)
Start importing Assets/Sprites/LightBlueTile_0.asset using Guid(faf06d7a0833ada468ab25e7eca62f21) Importer(815301076,1909f56bfc062723c751e8b465ee728b) (PreviewImporter) -> (artifact id: '21c66ad0d82f4365244c4926114006dc') in 0.0042705 seconds
Number of updated asset objects reloaded before import = 0Number of asset objects unloaded after import = 1

========================================================================
Received Import Request.
  Time since last request: 8.789754 seconds.
  path: Assets/Sprites/LightBlueTile.png
  artifactKey: Guid(4a09581b6967728409b19d7c4862eb24) Importer(815301076,1909f56bfc062723c751e8b465ee728b)
Start importing Assets/Sprites/LightBlueTile.png using Guid(4a09581b6967728409b19d7c4862eb24) Importer(815301076,1909f56bfc062723c751e8b465ee728b) (PreviewImporter) -> (artifact id: '899a4944ecae689bed80314ca4dd89c4') in 0.0204333 seconds
Number of updated asset objects reloaded before import = 0Number of asset objects unloaded after import = 3

========================================================================
Received Import Request.
  Time since last request: 7.620805 seconds.
  path: Assets/Sprites/Map Palette.prefab
  artifactKey: Guid(300af36aefa06a241ba647287d984ce3) Importer(815301076,1909f56bfc062723c751e8b465ee728b)
Start importing Assets/Sprites/Map Palette.prefab using Guid(300af36aefa06a241ba647287d984ce3) Importer(815301076,1909f56bfc062723c751e8b465ee728b) (PreviewImporter) -> (artifact id: '7d09c52555e2f3fe6b30a5c6975bf7cd') in 0.026134 seconds
Number of updated asset objects reloaded before import = 0Number of asset objects unloaded after import = 22

========================================================================
Received Import Request.
  Time since last request: 4.816254 seconds.
  path: Assets/Sprites/LightBlueTile.png
  artifactKey: Guid(4a09581b6967728409b19d7c4862eb24) Importer(815301076,1909f56bfc062723c751e8b465ee728b)
Start importing Assets/Sprites/LightBlueTile.png using Guid(4a09581b6967728409b19d7c4862eb24) Importer(815301076,1909f56bfc062723c751e8b465ee728b) (PreviewImporter) -> (artifact id: '2a6e0ca62515b73d882c4bfbddb22c52') in 0.0101981 seconds
Number of updated asset objects reloaded before import = 0Number of asset objects unloaded after import = 3

========================================================================
Received Import Request.
  Time since last request: 0.000028 seconds.
  path: Assets/Sprites/Map Palette.prefab
  artifactKey: Guid(300af36aefa06a241ba647287d984ce3) Importer(815301076,1909f56bfc062723c751e8b465ee728b)
Start importing Assets/Sprites/Map Palette.prefab using Guid(300af36aefa06a241ba647287d984ce3) Importer(815301076,1909f56bfc062723c751e8b465ee728b) (PreviewImporter) -> (artifact id: '26f4b7377021198c89ecd8d4fdba8f44') in 0.0196431 seconds
Number of updated asset objects reloaded before import = 0Number of asset objects unloaded after import = 22

========================================================================
Received Import Request.
  Time since last request: 3.669867 seconds.
  path: Assets/Sprites/WhiteTile.png
  artifactKey: Guid(7b6f8d22661ca3641a48b25f5c96ef29) Importer(815301076,1909f56bfc062723c751e8b465ee728b)
Start importing Assets/Sprites/WhiteTile.png using Guid(7b6f8d22661ca3641a48b25f5c96ef29) Importer(815301076,1909f56bfc062723c751e8b465ee728b) (PreviewImporter) -> (artifact id: '4a93058419a4ae5b4e3adafe0c7f2001') in 0.0106808 seconds
Number of updated asset objects reloaded before import = 0Number of asset objects unloaded after import = 3

========================================================================
Received Import Request.
  Time since last request: 5.710858 seconds.
  path: Assets/Sprites/Map Palette.prefab
  artifactKey: Guid(300af36aefa06a241ba647287d984ce3) Importer(815301076,1909f56bfc062723c751e8b465ee728b)
Start importing Assets/Sprites/Map Palette.prefab using Guid(300af36aefa06a241ba647287d984ce3) Importer(815301076,1909f56bfc062723c751e8b465ee728b) (PreviewImporter) -> (artifact id: '430193b88324f0c5bf6b058851dc4127') in 0.0217196 seconds
Number of updated asset objects reloaded before import = 0Number of asset objects unloaded after import = 25

========================================================================
Received Import Request.
  Time since last request: 1.673534 seconds.
  path: Assets/Sprites/Map Palette.prefab
  artifactKey: Guid(300af36aefa06a241ba647287d984ce3) Importer(815301076,1909f56bfc062723c751e8b465ee728b)
Start importing Assets/Sprites/Map Palette.prefab using Guid(300af36aefa06a241ba647287d984ce3) Importer(815301076,1909f56bfc062723c751e8b465ee728b) (PreviewImporter) -> (artifact id: '64a7709e12e8b9d8e54a220991f2b693') in 0.0318775 seconds
Number of updated asset objects reloaded before import = 0Number of asset objects unloaded after import = 25

========================================================================
Received Import Request.
  Time since last request: 1.153458 seconds.
  path: Assets/Sprites/Map Palette.prefab
  artifactKey: Guid(300af36aefa06a241ba647287d984ce3) Importer(815301076,1909f56bfc062723c751e8b465ee728b)
Start importing Assets/Sprites/Map Palette.prefab using Guid(300af36aefa06a241ba647287d984ce3) Importer(815301076,1909f56bfc062723c751e8b465ee728b) (PreviewImporter) -> (artifact id: '9adb38bda10a7e5c1bf07b515bd9bf63') in 0.0238163 seconds
Number of updated asset objects reloaded before import = 0Number of asset objects unloaded after import = 25

========================================================================
Received Import Request.
  Time since last request: 121.342638 seconds.
  path: Assets/Sprites/GreenTile 1.png
  artifactKey: Guid(92b7e502233202c4d9c0d56d662b69f1) Importer(815301076,1909f56bfc062723c751e8b465ee728b)
Start importing Assets/Sprites/GreenTile 1.png using Guid(92b7e502233202c4d9c0d56d662b69f1) Importer(815301076,1909f56bfc062723c751e8b465ee728b) (PreviewImporter) -> (artifact id: '1249e1b2e8e37ca16ce966bae714a413') in 0.0187511 seconds
Number of updated asset objects reloaded before import = 0Number of asset objects unloaded after import = 3

========================================================================
Received Import Request.
  Time since last request: 6.878815 seconds.
  path: Assets/Sprites/GreenTile 1_0.asset
  artifactKey: Guid(fbc12b3de9cd47f4180451b7244019b6) Importer(815301076,1909f56bfc062723c751e8b465ee728b)
Start importing Assets/Sprites/GreenTile 1_0.asset using Guid(fbc12b3de9cd47f4180451b7244019b6) Importer(815301076,1909f56bfc062723c751e8b465ee728b) (PreviewImporter) -> (artifact id: '9ec7f50cf91904ec4cedcfd01b5c894e') in 0.0211824 seconds
Number of updated asset objects reloaded before import = 0Number of asset objects unloaded after import = 3

========================================================================
Received Import Request.
  Time since last request: 5.651357 seconds.
  path: Assets/Sprites/GreenTile 1.png
  artifactKey: Guid(92b7e502233202c4d9c0d56d662b69f1) Importer(815301076,1909f56bfc062723c751e8b465ee728b)
Start importing Assets/Sprites/GreenTile 1.png using Guid(92b7e502233202c4d9c0d56d662b69f1) Importer(815301076,1909f56bfc062723c751e8b465ee728b) (PreviewImporter) -> (artifact id: '6c637efa2e6759c6713a51d927df295d') in 0.012058 seconds
Number of updated asset objects reloaded before import = 0Number of asset objects unloaded after import = 3

========================================================================
Received Import Request.
  Time since last request: 0.000024 seconds.
  path: Assets/Sprites/GreenTile 1_0.asset
  artifactKey: Guid(fbc12b3de9cd47f4180451b7244019b6) Importer(815301076,1909f56bfc062723c751e8b465ee728b)
Start importing Assets/Sprites/GreenTile 1_0.asset using Guid(fbc12b3de9cd47f4180451b7244019b6) Importer(815301076,1909f56bfc062723c751e8b465ee728b) (PreviewImporter) -> (artifact id: '3575f196ef92d4c2e775782a0c8f140e') in 0.0084259 seconds
Number of updated asset objects reloaded before import = 0Number of asset objects unloaded after import = 3

========================================================================
Received Import Request.
  Time since last request: 8.188047 seconds.
  path: Assets/Sprites/GreenTile_0.asset
  artifactKey: Guid(671f8875832d00142be7e6752ee561b5) Importer(815301076,1909f56bfc062723c751e8b465ee728b)
Start importing Assets/Sprites/GreenTile_0.asset using Guid(671f8875832d00142be7e6752ee561b5) Importer(815301076,1909f56bfc062723c751e8b465ee728b) (PreviewImporter) -> (artifact id: '9c6e5342eb32753ffdcf0f17f05b74e9') in 0.0041434 seconds
Number of updated asset objects reloaded before import = 0Number of asset objects unloaded after import = 1

========================================================================
Received Import Request.
  Time since last request: 8.362030 seconds.
  path: Assets/Sprites/Map Palette.prefab
  artifactKey: Guid(300af36aefa06a241ba647287d984ce3) Importer(815301076,1909f56bfc062723c751e8b465ee728b)
Start importing Assets/Sprites/Map Palette.prefab using Guid(300af36aefa06a241ba647287d984ce3) Importer(815301076,1909f56bfc062723c751e8b465ee728b) (PreviewImporter) -> (artifact id: 'b50d7770c4f1045a2a1ee10f4873ccb3') in 0.0179295 seconds
Number of updated asset objects reloaded before import = 0Number of asset objects unloaded after import = 25

========================================================================
Received Import Request.
  Time since last request: 2.014476 seconds.
  path: Assets/Sprites/Map Palette.prefab
  artifactKey: Guid(300af36aefa06a241ba647287d984ce3) Importer(815301076,1909f56bfc062723c751e8b465ee728b)
Start importing Assets/Sprites/Map Palette.prefab using Guid(300af36aefa06a241ba647287d984ce3) Importer(815301076,1909f56bfc062723c751e8b465ee728b) (PreviewImporter) -> (artifact id: '0fdafc8cdeaf963506383235588587e8') in 0.0174901 seconds
Number of updated asset objects reloaded before import = 0Number of asset objects unloaded after import = 24

========================================================================
Received Import Request.
  Time since last request: 7.222728 seconds.
  path: Assets/Sprites/Map Palette.prefab
  artifactKey: Guid(300af36aefa06a241ba647287d984ce3) Importer(815301076,1909f56bfc062723c751e8b465ee728b)
Start importing Assets/Sprites/Map Palette.prefab using Guid(300af36aefa06a241ba647287d984ce3) Importer(815301076,1909f56bfc062723c751e8b465ee728b) (PreviewImporter) -> (artifact id: '4f04955d75e5f4753dc49045dbc7449a') in 0.0191248 seconds
Number of updated asset objects reloaded before import = 0Number of asset objects unloaded after import = 25

========================================================================
Received Import Request.
  Time since last request: 12.365561 seconds.
  path: Assets/Sprites/Map Palette.prefab
  artifactKey: Guid(300af36aefa06a241ba647287d984ce3) Importer(815301076,1909f56bfc062723c751e8b465ee728b)
Start importing Assets/Sprites/Map Palette.prefab using Guid(300af36aefa06a241ba647287d984ce3) Importer(815301076,1909f56bfc062723c751e8b465ee728b) (PreviewImporter) -> (artifact id: '3005c59fd3682c59f9b06de2acae2ab3') in 0.0185224 seconds
Number of updated asset objects reloaded before import = 0Number of asset objects unloaded after import = 25

========================================================================
Received Import Request.
  Time since last request: 2.830664 seconds.
  path: Assets/Sprites/Map Palette.prefab
  artifactKey: Guid(300af36aefa06a241ba647287d984ce3) Importer(815301076,1909f56bfc062723c751e8b465ee728b)
Start importing Assets/Sprites/Map Palette.prefab using Guid(300af36aefa06a241ba647287d984ce3) Importer(815301076,1909f56bfc062723c751e8b465ee728b) (PreviewImporter) -> (artifact id: '1d54475fb59dc46b0720be9db84bfbf0') in 0.01922 seconds
Number of updated asset objects reloaded before import = 0Number of asset objects unloaded after import = 25

========================================================================
Received Import Request.
  Time since last request: 2.139200 seconds.
  path: Assets/Sprites/Map Palette.prefab
  artifactKey: Guid(300af36aefa06a241ba647287d984ce3) Importer(815301076,1909f56bfc062723c751e8b465ee728b)
Start importing Assets/Sprites/Map Palette.prefab using Guid(300af36aefa06a241ba647287d984ce3) Importer(815301076,1909f56bfc062723c751e8b465ee728b) (PreviewImporter) -> (artifact id: '126c4f5f702c134ef0096b08ba111526') in 0.0201891 seconds
Number of updated asset objects reloaded before import = 0Number of asset objects unloaded after import = 25

========================================================================
Received Import Request.
  Time since last request: 1.688618 seconds.
  path: Assets/Sprites/Map Palette.prefab
  artifactKey: Guid(300af36aefa06a241ba647287d984ce3) Importer(815301076,1909f56bfc062723c751e8b465ee728b)
Start importing Assets/Sprites/Map Palette.prefab using Guid(300af36aefa06a241ba647287d984ce3) Importer(815301076,1909f56bfc062723c751e8b465ee728b) (PreviewImporter) -> (artifact id: '4fc6daebe2f722230ad65eed646fb73e') in 0.0199482 seconds
Number of updated asset objects reloaded before import = 0Number of asset objects unloaded after import = 25

========================================================================
Received Import Request.
  Time since last request: 1.916503 seconds.
  path: Assets/Sprites/Map Palette.prefab
  artifactKey: Guid(300af36aefa06a241ba647287d984ce3) Importer(815301076,1909f56bfc062723c751e8b465ee728b)
Start importing Assets/Sprites/Map Palette.prefab using Guid(300af36aefa06a241ba647287d984ce3) Importer(815301076,1909f56bfc062723c751e8b465ee728b) (PreviewImporter) -> (artifact id: 'c3dd626b1b6d3737f6c563300dc4e4cc') in 0.023059 seconds
Number of updated asset objects reloaded before import = 0Number of asset objects unloaded after import = 25

========================================================================
Received Import Request.
  Time since last request: 2.964313 seconds.
  path: Assets/Sprites/Map Palette.prefab
  artifactKey: Guid(300af36aefa06a241ba647287d984ce3) Importer(815301076,1909f56bfc062723c751e8b465ee728b)
Start importing Assets/Sprites/Map Palette.prefab using Guid(300af36aefa06a241ba647287d984ce3) Importer(815301076,1909f56bfc062723c751e8b465ee728b) (PreviewImporter) -> (artifact id: '31e4e6743ac9101e907a656e43d60a18') in 0.0268784 seconds
Number of updated asset objects reloaded before import = 0Number of asset objects unloaded after import = 25

========================================================================
Received Import Request.
  Time since last request: 3.303359 seconds.
  path: Assets/Sprites/Map Palette.prefab
  artifactKey: Guid(300af36aefa06a241ba647287d984ce3) Importer(815301076,1909f56bfc062723c751e8b465ee728b)
Start importing Assets/Sprites/Map Palette.prefab using Guid(300af36aefa06a241ba647287d984ce3) Importer(815301076,1909f56bfc062723c751e8b465ee728b) (PreviewImporter) -> (artifact id: 'e9016b01fa18e6077fed839604561f3f') in 0.0181926 seconds
Number of updated asset objects reloaded before import = 0Number of asset objects unloaded after import = 25

========================================================================
Received Import Request.
  Time since last request: 121.312341 seconds.
  path: Assets/Sprites/Tiles
  artifactKey: Guid(c682d6b4231ab1741b43a9bb91a161c2) Importer(815301076,1909f56bfc062723c751e8b465ee728b)
Start importing Assets/Sprites/Tiles using Guid(c682d6b4231ab1741b43a9bb91a161c2) Importer(815301076,1909f56bfc062723c751e8b465ee728b) (PreviewImporter) -> (artifact id: '6cdf6e08429a4c7d4acfb01d952c643b') in 0.0010875 seconds
Number of updated asset objects reloaded before import = 0Number of asset objects unloaded after import = 0

========================================================================
Received Import Request.
  Time since last request: 111.783680 seconds.
  path: Assets/Sprites/Enemy.png
  artifactKey: Guid(742cbd85ed5a6d94eab5fc95c3033d7e) Importer(815301076,1909f56bfc062723c751e8b465ee728b)
Start importing Assets/Sprites/Enemy.png using Guid(742cbd85ed5a6d94eab5fc95c3033d7e) Importer(815301076,1909f56bfc062723c751e8b465ee728b) (PreviewImporter) -> (artifact id: '5156524063c6d60c9a5074ab085b310f') in 0.0245238 seconds
Number of updated asset objects reloaded before import = 0Number of asset objects unloaded after import = 3

========================================================================
Received Import Request.
  Time since last request: 0.000029 seconds.
  path: Assets/Sprites/Point.png
  artifactKey: Guid(a0d0de53b69d5054a8fb9270218c5ee3) Importer(815301076,1909f56bfc062723c751e8b465ee728b)
Start importing Assets/Sprites/Point.png using Guid(a0d0de53b69d5054a8fb9270218c5ee3) Importer(815301076,1909f56bfc062723c751e8b465ee728b) (PreviewImporter) -> (artifact id: '18f270fabca7cb2118000f0f1a35ba90') in 0.0288838 seconds
Number of updated asset objects reloaded before import = 0Number of asset objects unloaded after import = 3

========================================================================
Received Import Request.
  Time since last request: 4.275857 seconds.
  path: Assets/Sprites/Enemy.png
  artifactKey: Guid(742cbd85ed5a6d94eab5fc95c3033d7e) Importer(815301076,1909f56bfc062723c751e8b465ee728b)
Start importing Assets/Sprites/Enemy.png using Guid(742cbd85ed5a6d94eab5fc95c3033d7e) Importer(815301076,1909f56bfc062723c751e8b465ee728b) (PreviewImporter) -> (artifact id: 'c51102a0fa01b995b49c1cfbb689a50b') in 0.02038 seconds
Number of updated asset objects reloaded before import = 0Number of asset objects unloaded after import = 3

========================================================================
Received Import Request.
  Time since last request: 3.824125 seconds.
  path: Assets/Sprites/Object.png
  artifactKey: Guid(24f36508b2bcd654ca58af4a1df4ba6a) Importer(815301076,1909f56bfc062723c751e8b465ee728b)
Start importing Assets/Sprites/Object.png using Guid(24f36508b2bcd654ca58af4a1df4ba6a) Importer(815301076,1909f56bfc062723c751e8b465ee728b) (PreviewImporter) -> (artifact id: '29935c7b099aa71dad7905198ee68549') in 0.020234 seconds
Number of updated asset objects reloaded before import = 0Number of asset objects unloaded after import = 3

========================================================================
Received Import Request.
  Time since last request: 3.569497 seconds.
  path: Assets/Sprites/Point.png
  artifactKey: Guid(a0d0de53b69d5054a8fb9270218c5ee3) Importer(815301076,1909f56bfc062723c751e8b465ee728b)
Start importing Assets/Sprites/Point.png using Guid(a0d0de53b69d5054a8fb9270218c5ee3) Importer(815301076,1909f56bfc062723c751e8b465ee728b) (PreviewImporter) -> (artifact id: 'f8511d3ca0ce742bfba00734d491832c') in 0.0234143 seconds
Number of updated asset objects reloaded before import = 0Number of asset objects unloaded after import = 3

========================================================================
Received Import Request.
  Time since last request: 6.752465 seconds.
  path: Assets/Sprites/Object.png
  artifactKey: Guid(24f36508b2bcd654ca58af4a1df4ba6a) Importer(815301076,1909f56bfc062723c751e8b465ee728b)
Start importing Assets/Sprites/Object.png using Guid(24f36508b2bcd654ca58af4a1df4ba6a) Importer(815301076,1909f56bfc062723c751e8b465ee728b) (PreviewImporter) -> (artifact id: '49236733431dadc3de0e868fc9fb3b9e') in 0.0185436 seconds
Number of updated asset objects reloaded before import = 0Number of asset objects unloaded after import = 3

========================================================================
Received Import Request.
  Time since last request: 121.079051 seconds.
  path: Assets/Sprites/Object.png
  artifactKey: Guid(24f36508b2bcd654ca58af4a1df4ba6a) Importer(815301076,1909f56bfc062723c751e8b465ee728b)
Start importing Assets/Sprites/Object.png using Guid(24f36508b2bcd654ca58af4a1df4ba6a) Importer(815301076,1909f56bfc062723c751e8b465ee728b) (PreviewImporter) -> (artifact id: 'dde6fd97fa19cc6f7bd485786448057d') in 0.023409 seconds
Number of updated asset objects reloaded before import = 0Number of asset objects unloaded after import = 3

